
> metal-orm@1.0.42 check
> tsc --noEmit

tests/orm/orm-runtime.test.ts(397,9): error TS2345: Argument of type 'SelectQueryBuilder<unknown, TableDef<{ id: ColumnDef<"INT", unknown>; name: ColumnDef<"VARCHAR", unknown>; }>>' is not assignable to parameter of type 'SelectQueryNode | SelectQueryBuilder<unknown, TableDef<Record<string, ColumnDef<ColumnType, unknown>>>>'.
  Type 'SelectQueryBuilder<unknown, TableDef<{ id: ColumnDef<"INT", unknown>; name: ColumnDef<"VARCHAR", unknown>; }>>' is not assignable to type 'SelectQueryBuilder<unknown, TableDef<Record<string, ColumnDef<ColumnType, unknown>>>>'.
    Type 'TableDef<Record<string, ColumnDef<ColumnType, unknown>>>' is not assignable to type 'TableDef<{ id: ColumnDef<"INT", unknown>; name: ColumnDef<"VARCHAR", unknown>; }>'.
      Type 'Record<string, ColumnDef<ColumnType, unknown>>' is missing the following properties from type '{ id: ColumnDef<"INT", unknown>; name: ColumnDef<"VARCHAR", unknown>; }': id, name
tests/query-operations/select/complex-exists.test.ts(237,27): error TS2345: Argument of type 'SelectQueryBuilder<unknown, TableDef<{ id: ColumnDef<"INT", unknown>; customer_id: ColumnDef<"INT", unknown>; order_date: ColumnDef<"VARCHAR", unknown>; status: ColumnDef<"VARCHAR", unknown>; total: ColumnDef<...>; }>>' is not assignable to parameter of type 'SelectQueryNode | SelectQueryBuilder<unknown, TableDef<Record<string, ColumnDef<ColumnType, unknown>>>>'.
  Type 'SelectQueryBuilder<unknown, TableDef<{ id: ColumnDef<"INT", unknown>; customer_id: ColumnDef<"INT", unknown>; order_date: ColumnDef<"VARCHAR", unknown>; status: ColumnDef<"VARCHAR", unknown>; total: ColumnDef<...>; }>>' is not assignable to type 'SelectQueryBuilder<unknown, TableDef<Record<string, ColumnDef<ColumnType, unknown>>>>'.
    Type 'TableDef<Record<string, ColumnDef<ColumnType, unknown>>>' is not assignable to type 'TableDef<{ id: ColumnDef<"INT", unknown>; customer_id: ColumnDef<"INT", unknown>; order_date: ColumnDef<"VARCHAR", unknown>; status: ColumnDef<"VARCHAR", unknown>; total: ColumnDef<...>; }>'.
      Type 'Record<string, ColumnDef<ColumnType, unknown>>' is missing the following properties from type '{ id: ColumnDef<"INT", unknown>; customer_id: ColumnDef<"INT", unknown>; order_date: ColumnDef<"VARCHAR", unknown>; status: ColumnDef<"VARCHAR", unknown>; total: ColumnDef<...>; }': id, customer_id, order_date, status, total
tests/query-operations/select/complex-exists.test.ts(243,26): error TS2345: Argument of type 'SelectQueryBuilder<unknown, TableDef<{ id: ColumnDef<"INT", unknown>; customer_id: ColumnDef<"INT", unknown>; order_date: ColumnDef<"VARCHAR", unknown>; status: ColumnDef<"VARCHAR", unknown>; total: ColumnDef<...>; }>>' is not assignable to parameter of type 'SelectQueryNode | SelectQueryBuilder<unknown, TableDef<Record<string, ColumnDef<ColumnType, unknown>>>>'.
  Type 'SelectQueryBuilder<unknown, TableDef<{ id: ColumnDef<"INT", unknown>; customer_id: ColumnDef<"INT", unknown>; order_date: ColumnDef<"VARCHAR", unknown>; status: ColumnDef<"VARCHAR", unknown>; total: ColumnDef<...>; }>>' is not assignable to type 'SelectQueryBuilder<unknown, TableDef<Record<string, ColumnDef<ColumnType, unknown>>>>'.
    Type 'TableDef<Record<string, ColumnDef<ColumnType, unknown>>>' is not assignable to type 'TableDef<{ id: ColumnDef<"INT", unknown>; customer_id: ColumnDef<"INT", unknown>; order_date: ColumnDef<"VARCHAR", unknown>; status: ColumnDef<"VARCHAR", unknown>; total: ColumnDef<...>; }>'.
      Type 'Record<string, ColumnDef<ColumnType, unknown>>' is missing the following properties from type '{ id: ColumnDef<"INT", unknown>; customer_id: ColumnDef<"INT", unknown>; order_date: ColumnDef<"VARCHAR", unknown>; status: ColumnDef<"VARCHAR", unknown>; total: ColumnDef<...>; }': id, customer_id, order_date, status, total
tests/query-operations/select/complex-exists.test.ts(261,17): error TS2345: Argument of type 'SelectQueryBuilder<unknown, TableDef<{ id: ColumnDef<"INT", unknown>; customer_id: ColumnDef<"INT", unknown>; order_date: ColumnDef<"VARCHAR", unknown>; status: ColumnDef<"VARCHAR", unknown>; total: ColumnDef<...>; }>>' is not assignable to parameter of type 'SelectQueryNode | SelectQueryBuilder<unknown, TableDef<Record<string, ColumnDef<ColumnType, unknown>>>>'.
  Type 'SelectQueryBuilder<unknown, TableDef<{ id: ColumnDef<"INT", unknown>; customer_id: ColumnDef<"INT", unknown>; order_date: ColumnDef<"VARCHAR", unknown>; status: ColumnDef<"VARCHAR", unknown>; total: ColumnDef<...>; }>>' is not assignable to type 'SelectQueryBuilder<unknown, TableDef<Record<string, ColumnDef<ColumnType, unknown>>>>'.
    Type 'TableDef<Record<string, ColumnDef<ColumnType, unknown>>>' is not assignable to type 'TableDef<{ id: ColumnDef<"INT", unknown>; customer_id: ColumnDef<"INT", unknown>; order_date: ColumnDef<"VARCHAR", unknown>; status: ColumnDef<"VARCHAR", unknown>; total: ColumnDef<...>; }>'.
      Type 'Record<string, ColumnDef<ColumnType, unknown>>' is missing the following properties from type '{ id: ColumnDef<"INT", unknown>; customer_id: ColumnDef<"INT", unknown>; order_date: ColumnDef<"VARCHAR", unknown>; status: ColumnDef<"VARCHAR", unknown>; total: ColumnDef<...>; }': id, customer_id, order_date, status, total
tests/query-operations/select/complex-exists.test.ts(313,26): error TS2345: Argument of type 'SelectQueryBuilder<unknown, TableDef<{ id: ColumnDef<"INT", unknown>; customer_id: ColumnDef<"INT", unknown>; order_date: ColumnDef<"VARCHAR", unknown>; status: ColumnDef<"VARCHAR", unknown>; total: ColumnDef<...>; }>>' is not assignable to parameter of type 'SelectQueryNode | SelectQueryBuilder<unknown, TableDef<Record<string, ColumnDef<ColumnType, unknown>>>>'.
  Type 'SelectQueryBuilder<unknown, TableDef<{ id: ColumnDef<"INT", unknown>; customer_id: ColumnDef<"INT", unknown>; order_date: ColumnDef<"VARCHAR", unknown>; status: ColumnDef<"VARCHAR", unknown>; total: ColumnDef<...>; }>>' is not assignable to type 'SelectQueryBuilder<unknown, TableDef<Record<string, ColumnDef<ColumnType, unknown>>>>'.
    Type 'TableDef<Record<string, ColumnDef<ColumnType, unknown>>>' is not assignable to type 'TableDef<{ id: ColumnDef<"INT", unknown>; customer_id: ColumnDef<"INT", unknown>; order_date: ColumnDef<"VARCHAR", unknown>; status: ColumnDef<"VARCHAR", unknown>; total: ColumnDef<...>; }>'.
      Type 'Record<string, ColumnDef<ColumnType, unknown>>' is missing the following properties from type '{ id: ColumnDef<"INT", unknown>; customer_id: ColumnDef<"INT", unknown>; order_date: ColumnDef<"VARCHAR", unknown>; status: ColumnDef<"VARCHAR", unknown>; total: ColumnDef<...>; }': id, customer_id, order_date, status, total
tests/query-operations/select/complex-nested-query.test.ts(98,35): error TS2345: Argument of type 'SelectQueryBuilder<unknown, TableDef<{ id: ColumnDef<"INT", unknown>; name: ColumnDef<"VARCHAR", unknown>; email: ColumnDef<"VARCHAR", unknown>; lastLogin: ColumnDef<"TIMESTAMP", unknown>; metadata: ColumnDef<...>; }>>' is not assignable to parameter of type 'SelectQueryNode | SelectQueryBuilder<unknown, TableDef<Record<string, ColumnDef<ColumnType, unknown>>>>'.
  Type 'SelectQueryBuilder<unknown, TableDef<{ id: ColumnDef<"INT", unknown>; name: ColumnDef<"VARCHAR", unknown>; email: ColumnDef<"VARCHAR", unknown>; lastLogin: ColumnDef<"TIMESTAMP", unknown>; metadata: ColumnDef<...>; }>>' is not assignable to type 'SelectQueryBuilder<unknown, TableDef<Record<string, ColumnDef<ColumnType, unknown>>>>'.
    Type 'TableDef<Record<string, ColumnDef<ColumnType, unknown>>>' is not assignable to type 'TableDef<{ id: ColumnDef<"INT", unknown>; name: ColumnDef<"VARCHAR", unknown>; email: ColumnDef<"VARCHAR", unknown>; lastLogin: ColumnDef<"TIMESTAMP", unknown>; metadata: ColumnDef<...>; }>'.
      Type 'Record<string, ColumnDef<ColumnType, unknown>>' is missing the following properties from type '{ id: ColumnDef<"INT", unknown>; name: ColumnDef<"VARCHAR", unknown>; email: ColumnDef<"VARCHAR", unknown>; lastLogin: ColumnDef<"TIMESTAMP", unknown>; metadata: ColumnDef<...>; }': id, name, email, lastLogin, metadata
tests/query-operations/select/complex-nested-query.test.ts(99,34): error TS2345: Argument of type 'SelectQueryBuilder<unknown, TableDef<{ id: ColumnDef<"INT", unknown>; userId: ColumnDef<"INT", unknown>; title: ColumnDef<"VARCHAR", unknown>; content: ColumnDef<"VARCHAR", unknown>; createdAt: ColumnDef<...>; views: ColumnDef<...>; }>>' is not assignable to parameter of type 'SelectQueryNode | SelectQueryBuilder<unknown, TableDef<Record<string, ColumnDef<ColumnType, unknown>>>>'.
  Type 'SelectQueryBuilder<unknown, TableDef<{ id: ColumnDef<"INT", unknown>; userId: ColumnDef<"INT", unknown>; title: ColumnDef<"VARCHAR", unknown>; content: ColumnDef<"VARCHAR", unknown>; createdAt: ColumnDef<...>; views: ColumnDef<...>; }>>' is not assignable to type 'SelectQueryBuilder<unknown, TableDef<Record<string, ColumnDef<ColumnType, unknown>>>>'.
    Type 'TableDef<Record<string, ColumnDef<ColumnType, unknown>>>' is not assignable to type 'TableDef<{ id: ColumnDef<"INT", unknown>; userId: ColumnDef<"INT", unknown>; title: ColumnDef<"VARCHAR", unknown>; content: ColumnDef<"VARCHAR", unknown>; createdAt: ColumnDef<"TIMESTAMP", unknown>; views: ColumnDef<...>; }>'.
      Type 'Record<string, ColumnDef<ColumnType, unknown>>' is missing the following properties from type '{ id: ColumnDef<"INT", unknown>; userId: ColumnDef<"INT", unknown>; title: ColumnDef<"VARCHAR", unknown>; content: ColumnDef<"VARCHAR", unknown>; createdAt: ColumnDef<"TIMESTAMP", unknown>; views: ColumnDef<...>; }': id, userId, title, content, and 2 more.
tests/query-operations/select/complex-nested-query.test.ts(134,34): error TS2345: Argument of type 'SelectQueryBuilder<unknown, TableDef<{ id: ColumnDef<"INT", unknown>; postId: ColumnDef<"INT", unknown>; userId: ColumnDef<"INT", unknown>; content: ColumnDef<"VARCHAR", unknown>; createdAt: ColumnDef<...>; likes: ColumnDef<...>; }>>' is not assignable to parameter of type 'SelectQueryNode | SelectQueryBuilder<unknown, TableDef<Record<string, ColumnDef<ColumnType, unknown>>>>'.
  Type 'SelectQueryBuilder<unknown, TableDef<{ id: ColumnDef<"INT", unknown>; postId: ColumnDef<"INT", unknown>; userId: ColumnDef<"INT", unknown>; content: ColumnDef<"VARCHAR", unknown>; createdAt: ColumnDef<...>; likes: ColumnDef<...>; }>>' is not assignable to type 'SelectQueryBuilder<unknown, TableDef<Record<string, ColumnDef<ColumnType, unknown>>>>'.
    Type 'TableDef<Record<string, ColumnDef<ColumnType, unknown>>>' is not assignable to type 'TableDef<{ id: ColumnDef<"INT", unknown>; postId: ColumnDef<"INT", unknown>; userId: ColumnDef<"INT", unknown>; content: ColumnDef<"VARCHAR", unknown>; createdAt: ColumnDef<"TIMESTAMP", unknown>; likes: ColumnDef<...>; }>'.
      Type 'Record<string, ColumnDef<ColumnType, unknown>>' is missing the following properties from type '{ id: ColumnDef<"INT", unknown>; postId: ColumnDef<"INT", unknown>; userId: ColumnDef<"INT", unknown>; content: ColumnDef<"VARCHAR", unknown>; createdAt: ColumnDef<"TIMESTAMP", unknown>; likes: ColumnDef<...>; }': id, postId, userId, content, and 2 more.
tests/query-operations/select/subquery-having.test.ts(49,49): error TS2345: Argument of type 'SelectQueryBuilder<unknown, TableDef<{ id: ColumnDef<"INT", unknown>; user_id: ColumnDef<"INT", unknown>; display_name: ColumnDef<"VARCHAR", unknown>; }>>' is not assignable to parameter of type 'SelectQueryNode | SelectQueryBuilder<unknown, TableDef<Record<string, ColumnDef<ColumnType, unknown>>>>'.
  Type 'SelectQueryBuilder<unknown, TableDef<{ id: ColumnDef<"INT", unknown>; user_id: ColumnDef<"INT", unknown>; display_name: ColumnDef<"VARCHAR", unknown>; }>>' is not assignable to type 'SelectQueryBuilder<unknown, TableDef<Record<string, ColumnDef<ColumnType, unknown>>>>'.
    Type 'TableDef<Record<string, ColumnDef<ColumnType, unknown>>>' is not assignable to type 'TableDef<{ id: ColumnDef<"INT", unknown>; user_id: ColumnDef<"INT", unknown>; display_name: ColumnDef<"VARCHAR", unknown>; }>'.
      Type 'Record<string, ColumnDef<ColumnType, unknown>>' is missing the following properties from type '{ id: ColumnDef<"INT", unknown>; user_id: ColumnDef<"INT", unknown>; display_name: ColumnDef<"VARCHAR", unknown>; }': id, user_id, display_name
tests/query-operations/select/subquery-having.test.ts(69,48): error TS2345: Argument of type 'SelectQueryBuilder<unknown, TableDef<{ id: ColumnDef<"INT", unknown>; user_id: ColumnDef<"INT", unknown>; status: ColumnDef<"VARCHAR", unknown>; total: ColumnDef<"INT", unknown>; }>>' is not assignable to parameter of type 'SelectQueryNode | SelectQueryBuilder<unknown, TableDef<Record<string, ColumnDef<ColumnType, unknown>>>>'.
  Type 'SelectQueryBuilder<unknown, TableDef<{ id: ColumnDef<"INT", unknown>; user_id: ColumnDef<"INT", unknown>; status: ColumnDef<"VARCHAR", unknown>; total: ColumnDef<"INT", unknown>; }>>' is not assignable to type 'SelectQueryBuilder<unknown, TableDef<Record<string, ColumnDef<ColumnType, unknown>>>>'.
    Type 'TableDef<Record<string, ColumnDef<ColumnType, unknown>>>' is not assignable to type 'TableDef<{ id: ColumnDef<"INT", unknown>; user_id: ColumnDef<"INT", unknown>; status: ColumnDef<"VARCHAR", unknown>; total: ColumnDef<"INT", unknown>; }>'.
      Type 'Record<string, ColumnDef<ColumnType, unknown>>' is missing the following properties from type '{ id: ColumnDef<"INT", unknown>; user_id: ColumnDef<"INT", unknown>; status: ColumnDef<"VARCHAR", unknown>; total: ColumnDef<"INT", unknown>; }': id, user_id, status, total
tests/query-operations/select/subquery-having.test.ts(70,48): error TS2345: Argument of type 'SelectQueryBuilder<unknown, TableDef<{ id: ColumnDef<"INT", unknown>; user_id: ColumnDef<"INT", unknown>; status: ColumnDef<"VARCHAR", unknown>; total: ColumnDef<"INT", unknown>; }>>' is not assignable to parameter of type 'SelectQueryNode | SelectQueryBuilder<unknown, TableDef<Record<string, ColumnDef<ColumnType, unknown>>>>'.
  Type 'SelectQueryBuilder<unknown, TableDef<{ id: ColumnDef<"INT", unknown>; user_id: ColumnDef<"INT", unknown>; status: ColumnDef<"VARCHAR", unknown>; total: ColumnDef<"INT", unknown>; }>>' is not assignable to type 'SelectQueryBuilder<unknown, TableDef<Record<string, ColumnDef<ColumnType, unknown>>>>'.
    Type 'TableDef<Record<string, ColumnDef<ColumnType, unknown>>>' is not assignable to type 'TableDef<{ id: ColumnDef<"INT", unknown>; user_id: ColumnDef<"INT", unknown>; status: ColumnDef<"VARCHAR", unknown>; total: ColumnDef<"INT", unknown>; }>'.
      Type 'Record<string, ColumnDef<ColumnType, unknown>>' is missing the following properties from type '{ id: ColumnDef<"INT", unknown>; user_id: ColumnDef<"INT", unknown>; status: ColumnDef<"VARCHAR", unknown>; total: ColumnDef<"INT", unknown>; }': id, user_id, status, total
